<?xml version="1.0" encoding="UTF-8"?>
<!-- Generated by org.testng.reporters.JUnitReportReporter -->
<testsuite hostname="IJET1048" name="com.espngo.pages.EspnGo" tests="1" failures="0" timestamp="3 Dec 2014 16:23:38 GMT" time="11.141" errors="0">
  <testcase name="checkScores" time="11.141" classname="com.espngo.pages.EspnGo"/>
</testsuite> <!-- com.espngo.pages.EspnGo -->
