<?xml version="1.0" encoding="UTF-8"?>
<!-- Generated by org.testng.reporters.JUnitReportReporter -->
<testsuite hostname="IJET1048" name="Test.EspnGo" tests="1" failures="0" timestamp="4 Dec 2014 08:31:28 GMT" time="9.915" errors="0">
  <testcase name="checkScores" time="9.915" classname="Test.EspnGo"/>
</testsuite> <!-- Test.EspnGo -->
