<?xml version="1.0" encoding="UTF-8"?>
<!-- Generated by org.testng.reporters.JUnitReportReporter -->
<testsuite hostname="IJET1048" name="com.espngo.pages.EspnGo" tests="1" failures="0" timestamp="4 Dec 2014 06:05:30 GMT" time="8.469" errors="0">
  <testcase name="checkScores" time="8.469" classname="com.espngo.pages.EspnGo"/>
</testsuite> <!-- com.espngo.pages.EspnGo -->
