<?xml version="1.0" encoding="UTF-8"?>
<!-- Generated by org.testng.reporters.JUnitReportReporter -->
<testsuite hostname="IJET1048" name="NFL" tests="1" failures="0" timestamp="3 Dec 2014 15:20:16 GMT" time="7.044" errors="0">
  <testcase name="checkScores" time="7.044" classname="NFL"/>
</testsuite> <!-- NFL -->
