<?xml version="1.0" encoding="UTF-8"?>
<!-- Generated by org.testng.reporters.JUnitReportReporter -->
<testsuite hostname="IJET1048" name="com.espngo.pages.EspnGo" tests="1" failures="0" timestamp="5 Dec 2014 01:10:40 GMT" time="17.647" errors="0">
  <testcase name="checkScores" time="17.647" classname="com.espngo.pages.EspnGo"/>
</testsuite> <!-- com.espngo.pages.EspnGo -->
