<?xml version="1.0" encoding="UTF-8"?>
<!-- Generated by org.testng.reporters.JUnitReportReporter -->
<testsuite hostname="IJET1048" name="Test.NFLTest" tests="1" failures="0" timestamp="4 Dec 2014 08:43:12 GMT" time="11.194" errors="0">
  <testcase name="checkScores" time="11.194" classname="Test.NFLTest"/>
</testsuite>
