<?xml version="1.0" encoding="UTF-8"?>
<!-- Generated by org.testng.reporters.JUnitReportReporter -->
<testsuite hostname="fdkzb-m92" name="script.SmokeTest" tests="1" failures="0" timestamp="12 Nov 2014 14:55:41 GMT" time="126.439" errors="0">
  <testcase name="main" time="126.439" classname="script.SmokeTest"/>
</testsuite> <!-- script.SmokeTest -->
