<?xml version="1.0" encoding="UTF-8"?>
<!-- Generated by org.testng.reporters.JUnitReportReporter -->
<testsuite hostname="Faizul-PC" name="espn_go.Espn_NFL" tests="1" failures="0" timestamp="15 Aug 2014 04:07:25 GMT" time="68.997" errors="0">
  <testcase name="TestCase1" time="68.997" classname="espn_go.Espn_NFL"/>
</testsuite> <!-- espn_go.Espn_NFL -->
