<?xml version="1.0" encoding="UTF-8"?>
<!-- Generated by org.testng.reporters.JUnitReportReporter -->
<testsuite hostname="Kamolesh-PC" name="script.SmokeTest" tests="1" failures="0" timestamp="14 Nov 2014 06:14:08 GMT" time="0.022" errors="0">
  <testcase name="main" time="0.022" classname="script.SmokeTest"/>
</testsuite> <!-- script.SmokeTest -->
