<?xml version="1.0" encoding="UTF-8"?>
<!-- Generated by org.testng.reporters.JUnitReportReporter -->
<testsuite hostname="SPAWA1W2" name="com.espn.webdriver.ESPN_NFLTest" tests="1" failures="0" timestamp="21 Jan 2015 05:42:54 GMT" time="21.427" errors="0">
  <testcase name="navigationtoNFLScoreBoardTest" time="21.427" classname="com.espn.webdriver.ESPN_NFLTest"/>
</testsuite> <!-- com.espn.webdriver.ESPN_NFLTest -->
